2025/04/08 14:57:52 Engine initialized
2025/04/08 14:57:52 Starting asset for KRW-BTC
2025/04/08 14:57:52 Asset Pairs(KRW-BTC, BTCUSDT, KRW-USDT) initialized
2025/04/08 14:57:52 Engine started
2025/04/08 14:57:52 Starting stream for KRW-BTC
2025/04/08 14:57:52 Starting stream for BTCUSDT
2025/04/08 14:57:52 Starting stream for KRW-USDT
2025/04/08 14:57:59 Engine stopping...
2025/04/08 14:57:59 Engine stopped
2025/04/08 15:04:42 Engine initialized
2025/04/08 15:04:42 Starting asset for KRW-BTC
2025/04/08 15:04:42 Asset Pairs(KRW-BTC, BTCUSDT, KRW-USDT) initialized
2025/04/08 15:04:42 Engine started
2025/04/08 15:04:42 Starting stream for KRW-BTC
2025/04/08 15:04:42 Starting stream for BTCUSDT
2025/04/08 15:04:42 Starting stream for KRW-USDT
2025/04/08 15:04:42 Starting strategy
2025/04/08 15:04:43 Premium: 0.9997511433018899, KimchiPrice: 1.18601e+08, AnchorPrice: 1490, CefiPrice: 79617.8
2025/04/08 15:04:44 Premium: 1.0003003193794224, KimchiPrice: 1.18666e+08, AnchorPrice: 1490, CefiPrice: 79617.7
2025/04/08 15:04:45 Premium: 0.9997963501131859, KimchiPrice: 1.18601e+08, AnchorPrice: 1490, CefiPrice: 79614.2
2025/04/08 15:04:46 Premium: 1.0002023313920168, KimchiPrice: 1.18666e+08, AnchorPrice: 1490, CefiPrice: 79625.5
2025/04/08 15:04:47 Premium: 1.0002613731368566, KimchiPrice: 1.18666e+08, AnchorPrice: 1490, CefiPrice: 79620.8
2025/04/08 15:04:48 Premium: 1.0002714234897643, KimchiPrice: 1.18666e+08, AnchorPrice: 1490, CefiPrice: 79620
2025/04/08 15:04:49 Premium: 1.0003329863085648, KimchiPrice: 1.18666e+08, AnchorPrice: 1490, CefiPrice: 79615.1
2025/04/08 15:04:50 Premium: 0.9997766182073702, KimchiPrice: 1.186e+08, AnchorPrice: 1490, CefiPrice: 79615.1
2025/04/08 15:04:51 Premium: 0.9997766182073702, KimchiPrice: 1.186e+08, AnchorPrice: 1490, CefiPrice: 79615.1
2025/04/08 15:04:52 Premium: 1.0003434036058592, KimchiPrice: 1.18665e+08, AnchorPrice: 1490, CefiPrice: 79613.6
2025/04/08 15:04:53 Premium: 1.0002378688969813, KimchiPrice: 1.18665e+08, AnchorPrice: 1490, CefiPrice: 79622
2025/04/08 15:04:54 Premium: 1.0001939026733324, KimchiPrice: 1.18665e+08, AnchorPrice: 1490, CefiPrice: 79625.5
2025/04/08 15:04:55 Premium: 1.0001951587975124, KimchiPrice: 1.18665e+08, AnchorPrice: 1490, CefiPrice: 79625.4
2025/04/08 15:04:56 Premium: 1.0001926465523077, KimchiPrice: 1.18665e+08, AnchorPrice: 1490, CefiPrice: 79625.6
2025/04/08 15:04:57 Premium: 1.0001537083653937, KimchiPrice: 1.18665e+08, AnchorPrice: 1490, CefiPrice: 79628.7
2025/04/08 15:04:58 Premium: 1.000787169294336, KimchiPrice: 1.18663e+08, AnchorPrice: 1489, CefiPrice: 79630.4
2025/04/08 15:04:59 Premium: 1.000787169294336, KimchiPrice: 1.18663e+08, AnchorPrice: 1489, CefiPrice: 79630.4
2025/04/08 15:05:00 Premium: 1.0003066170989883, KimchiPrice: 1.18609e+08, AnchorPrice: 1489, CefiPrice: 79632.4
2025/04/08 15:05:01 Premium: 1.000760777393347, KimchiPrice: 1.18663e+08, AnchorPrice: 1489, CefiPrice: 79632.5
2025/04/08 15:05:02 Premium: 1.000178301338973, KimchiPrice: 1.18663e+08, AnchorPrice: 1490, CefiPrice: 79625.4
2025/04/08 15:05:03 Premium: 1.0001431316472837, KimchiPrice: 1.18663e+08, AnchorPrice: 1490, CefiPrice: 79628.2
2025/04/08 15:05:04 Premium: 1.000141875632611, KimchiPrice: 1.18663e+08, AnchorPrice: 1490, CefiPrice: 79628.3
2025/04/08 15:05:05 Premium: 1.0003581221183107, KimchiPrice: 1.18609e+08, AnchorPrice: 1489, CefiPrice: 79628.3
2025/04/08 15:05:06 Premium: 1.0008304307528884, KimchiPrice: 1.18665e+08, AnchorPrice: 1489, CefiPrice: 79628.3
2025/04/08 15:05:07 Premium: 1.0007902122793142, KimchiPrice: 1.18665e+08, AnchorPrice: 1489, CefiPrice: 79631.5
2025/04/08 15:05:08 Premium: 0.9999829185911938, KimchiPrice: 1.18665e+08, AnchorPrice: 1490, CefiPrice: 79642.3
2025/04/08 15:05:09 Premium: 1.0007575371495403, KimchiPrice: 1.18665e+08, AnchorPrice: 1489, CefiPrice: 79634.1
2025/04/08 15:05:10 Premium: 1.0004017337052293, KimchiPrice: 1.1861e+08, AnchorPrice: 1489, CefiPrice: 79625.5
2025/04/08 15:05:11 Premium: 1.00040299009042, KimchiPrice: 1.1861e+08, AnchorPrice: 1489, CefiPrice: 79625.4
2025/04/08 15:05:12 Premium: 1.0004067592649268, KimchiPrice: 1.1861e+08, AnchorPrice: 1489, CefiPrice: 79625.1
2025/04/08 15:05:13 Premium: 1.000405502870269, KimchiPrice: 1.1861e+08, AnchorPrice: 1489, CefiPrice: 79625.2
2025/04/08 15:05:14 Premium: 1.0008140916081483, KimchiPrice: 1.18665e+08, AnchorPrice: 1489, CefiPrice: 79629.6
2025/04/08 15:05:15 Premium: 1.0007650773747256, KimchiPrice: 1.18665e+08, AnchorPrice: 1489, CefiPrice: 79633.5
2025/04/08 15:05:16 Premium: 1.0001855049235084, KimchiPrice: 1.18614e+08, AnchorPrice: 1489, CefiPrice: 79645.4
2025/04/08 15:05:17 Premium: 1.0006155507928922, KimchiPrice: 1.18665e+08, AnchorPrice: 1489, CefiPrice: 79645.4
2025/04/08 15:05:18 Premium: 1.0006833976534433, KimchiPrice: 1.18665e+08, AnchorPrice: 1489, CefiPrice: 79640
2025/04/08 15:05:19 Premium: 1.0003337110696338, KimchiPrice: 1.18614e+08, AnchorPrice: 1489, CefiPrice: 79633.6
2025/04/08 15:05:20 Premium: 0.9999992415629567, KimchiPrice: 1.18665e+08, AnchorPrice: 1490, CefiPrice: 79641
2025/04/08 15:05:21 Premium: 0.999997985930825, KimchiPrice: 1.18665e+08, AnchorPrice: 1490, CefiPrice: 79641.1
2025/04/08 15:05:22 Premium: 1.0007185811294246, KimchiPrice: 1.18665e+08, AnchorPrice: 1489, CefiPrice: 79637.2
2025/04/08 15:05:23 Premium: 1.0004635569672689, KimchiPrice: 1.18665e+08, AnchorPrice: 1489, CefiPrice: 79657.5
2025/04/08 15:05:24 Premium: 0.999974301536439, KimchiPrice: 1.1872e+08, AnchorPrice: 1490, CefiPrice: 79679.9
2025/04/08 15:05:25 Premium: 1.0001349327562634, KimchiPrice: 1.18727e+08, AnchorPrice: 1490, CefiPrice: 79671.8
2025/04/08 15:05:26 Premium: 1.0001826371387568, KimchiPrice: 1.18727e+08, AnchorPrice: 1490, CefiPrice: 79668
2025/04/08 15:05:27 Premium: 1.0008543514686015, KimchiPrice: 1.18727e+08, AnchorPrice: 1489, CefiPrice: 79668
2025/04/08 15:05:28 Premium: 1.0017466613369772, KimchiPrice: 1.18833e+08, AnchorPrice: 1489, CefiPrice: 79668.1
2025/04/08 15:05:29 Premium: 1.0019390804850608, KimchiPrice: 1.18833e+08, AnchorPrice: 1489, CefiPrice: 79652.8
2025/04/08 15:05:30 Premium: 1.0019491436506358, KimchiPrice: 1.18833e+08, AnchorPrice: 1489, CefiPrice: 79652
2025/04/08 15:05:31 Premium: 1.0019793343602534, KimchiPrice: 1.18833e+08, AnchorPrice: 1489, CefiPrice: 79649.6
2025/04/08 15:05:32 Premium: 1.0010303082524854, KimchiPrice: 1.1872e+08, AnchorPrice: 1489, CefiPrice: 79649.3
2025/04/08 15:05:33 Premium: 1.0010290514566926, KimchiPrice: 1.1872e+08, AnchorPrice: 1489, CefiPrice: 79649.4
2025/04/08 15:05:34 Premium: 1.0010290514566926, KimchiPrice: 1.1872e+08, AnchorPrice: 1489, CefiPrice: 79649.4
2025/04/08 15:05:35 Premium: 1.0010303082524854, KimchiPrice: 1.1872e+08, AnchorPrice: 1489, CefiPrice: 79649.3
2025/04/08 15:05:36 Premium: 1.0018975318500556, KimchiPrice: 1.18823e+08, AnchorPrice: 1489, CefiPrice: 79649.4
2025/04/08 15:05:37 Premium: 1.0019240853134253, KimchiPrice: 1.18826e+08, AnchorPrice: 1489, CefiPrice: 79649.3
2025/04/08 15:05:38 Premium: 1.0019228273954932, KimchiPrice: 1.18826e+08, AnchorPrice: 1489, CefiPrice: 79649.4
2025/04/08 15:05:39 Premium: 1.0019228273954932, KimchiPrice: 1.18826e+08, AnchorPrice: 1489, CefiPrice: 79649.4
2025/04/08 15:05:40 Premium: 1.0010303082524854, KimchiPrice: 1.1872e+08, AnchorPrice: 1489, CefiPrice: 79649.3
2025/04/08 15:05:41 Premium: 1.0010290514566926, KimchiPrice: 1.1872e+08, AnchorPrice: 1489, CefiPrice: 79649.4
2025/04/08 15:05:42 Premium: 1.0010290514566926, KimchiPrice: 1.1872e+08, AnchorPrice: 1489, CefiPrice: 79649.4
2025/04/08 15:05:43 Premium: 1.0010290514566926, KimchiPrice: 1.1872e+08, AnchorPrice: 1489, CefiPrice: 79649.4
2025/04/08 15:05:44 Premium: 1.000958675928626, KimchiPrice: 1.1872e+08, AnchorPrice: 1489, CefiPrice: 79655
2025/04/08 15:05:45 Premium: 1.0006201695083448, KimchiPrice: 1.1868e+08, AnchorPrice: 1489, CefiPrice: 79655.1
2025/04/08 15:05:46 Premium: 0.9999486123476009, KimchiPrice: 1.1868e+08, AnchorPrice: 1490, CefiPrice: 79655.1
2025/04/08 15:05:47 Premium: 0.9998695316854763, KimchiPrice: 1.1868e+08, AnchorPrice: 1490, CefiPrice: 79661.4
2025/04/08 15:05:48 Premium: 1.0000439164077926, KimchiPrice: 1.18708e+08, AnchorPrice: 1490, CefiPrice: 79666.3
2025/04/08 15:05:49 Premium: 1.0000426611183402, KimchiPrice: 1.18708e+08, AnchorPrice: 1490, CefiPrice: 79666.4
2025/04/08 15:05:50 Premium: 1.0000357997990998, KimchiPrice: 1.1872e+08, AnchorPrice: 1490, CefiPrice: 79675
2025/04/08 15:05:51 Premium: 1.0009274326432047, KimchiPrice: 1.18826e+08, AnchorPrice: 1490, CefiPrice: 79675.1
2025/04/08 15:05:52 Premium: 1.0009789420063837, KimchiPrice: 1.18826e+08, AnchorPrice: 1490, CefiPrice: 79671
2025/04/08 15:05:53 Premium: 1.0009801983985447, KimchiPrice: 1.18826e+08, AnchorPrice: 1490, CefiPrice: 79670.9
2025/04/08 15:05:54 Premium: 1.0009801983985447, KimchiPrice: 1.18826e+08, AnchorPrice: 1490, CefiPrice: 79670.9
2025/04/08 15:05:55 Premium: 1.000998614421858, KimchiPrice: 1.18817e+08, AnchorPrice: 1490, CefiPrice: 79663.4
2025/04/08 15:05:56 Premium: 1.0009973578882956, KimchiPrice: 1.18817e+08, AnchorPrice: 1490, CefiPrice: 79663.5
2025/04/08 15:05:57 Premium: 1.000998614421858, KimchiPrice: 1.18817e+08, AnchorPrice: 1490, CefiPrice: 79663.4
2025/04/08 15:05:58 Premium: 1.0013333757996377, KimchiPrice: 1.18817e+08, AnchorPrice: 1489.5, CefiPrice: 79663.5
2025/04/08 15:05:59 Premium: 1.001334632754997, KimchiPrice: 1.18817e+08, AnchorPrice: 1489.5, CefiPrice: 79663.4
2025/04/08 15:06:00 Premium: 1.001334632754997, KimchiPrice: 1.18817e+08, AnchorPrice: 1489.5, CefiPrice: 79663.4
2025/04/08 15:06:01 Premium: 1.0002235412208278, KimchiPrice: 1.18725e+08, AnchorPrice: 1490, CefiPrice: 79663.4
2025/04/08 15:06:02 Premium: 1.001041338440048, KimchiPrice: 1.18817e+08, AnchorPrice: 1490, CefiPrice: 79660
2025/04/08 15:06:03 Premium: 1.0018406516932756, KimchiPrice: 1.18817e+08, AnchorPrice: 1489, CefiPrice: 79649.9
2025/04/08 15:06:04 Premium: 1.0011682754169715, KimchiPrice: 1.18817e+08, AnchorPrice: 1490, CefiPrice: 79649.9
2025/04/08 15:06:05 Premium: 1.0012210705679556, KimchiPrice: 1.18817e+08, AnchorPrice: 1490, CefiPrice: 79645.7
2025/04/08 15:06:06 Premium: 1.0012914727647784, KimchiPrice: 1.18817e+08, AnchorPrice: 1490, CefiPrice: 79640.1
2025/04/08 15:06:07 Premium: 1.001400867247521, KimchiPrice: 1.18817e+08, AnchorPrice: 1490, CefiPrice: 79631.4
2025/04/08 15:06:08 Premium: 1.0014021247943237, KimchiPrice: 1.18817e+08, AnchorPrice: 1490, CefiPrice: 79631.3
2025/04/08 15:06:09 Premium: 1.0014310492425402, KimchiPrice: 1.18817e+08, AnchorPrice: 1490, CefiPrice: 79629
2025/04/08 15:06:10 Premium: 1.0006179432099065, KimchiPrice: 1.18725e+08, AnchorPrice: 1490, CefiPrice: 79632
2025/04/08 15:06:11 Premium: 1.0005764786933844, KimchiPrice: 1.18725e+08, AnchorPrice: 1490, CefiPrice: 79635.3
2025/04/08 15:06:12 Premium: 1.0005928127896535, KimchiPrice: 1.18725e+08, AnchorPrice: 1490, CefiPrice: 79634
2025/04/08 15:06:13 Premium: 1.000591556301776, KimchiPrice: 1.18725e+08, AnchorPrice: 1490, CefiPrice: 79634.1
2025/04/08 15:06:14 Premium: 1.0005174291021004, KimchiPrice: 1.18725e+08, AnchorPrice: 1490, CefiPrice: 79640
2025/04/08 15:06:15 Premium: 1.0005161728035408, KimchiPrice: 1.18725e+08, AnchorPrice: 1490, CefiPrice: 79640.1
2025/04/08 15:06:16 Premium: 1.0005161728035408, KimchiPrice: 1.18725e+08, AnchorPrice: 1490, CefiPrice: 79640.1
2025/04/08 15:06:17 Premium: 1.0005174291021004, KimchiPrice: 1.18725e+08, AnchorPrice: 1490, CefiPrice: 79640
2025/04/08 15:06:18 Premium: 1.0005174291021004, KimchiPrice: 1.18725e+08, AnchorPrice: 1490, CefiPrice: 79640
2025/04/08 15:06:19 Premium: 1.000244886233802, KimchiPrice: 1.18725e+08, AnchorPrice: 1490, CefiPrice: 79661.7
2025/04/08 15:06:20 Premium: 1.0005793955174098, KimchiPrice: 1.18725e+08, AnchorPrice: 1489.5, CefiPrice: 79661.8
2025/04/08 15:06:21 Premium: 1.0014346863570598, KimchiPrice: 1.18815e+08, AnchorPrice: 1489.5, CefiPrice: 79654.1
2025/04/08 15:06:22 Premium: 1.0010986344488861, KimchiPrice: 1.18815e+08, AnchorPrice: 1490, CefiPrice: 79654.1
2025/04/08 15:06:23 Premium: 1.0014141925461206, KimchiPrice: 1.18815e+08, AnchorPrice: 1490, CefiPrice: 79629
2025/04/08 15:06:24 Premium: 1.0014670145263163, KimchiPrice: 1.18815e+08, AnchorPrice: 1490, CefiPrice: 79624.8
2025/04/08 15:06:25 Premium: 1.0005053605220875, KimchiPrice: 1.18799e+08, AnchorPrice: 1490, CefiPrice: 79690.6
2025/04/08 15:06:26 Premium: 0.9997880508279529, KimchiPrice: 1.18725e+08, AnchorPrice: 1490, CefiPrice: 79698.1
2025/04/08 15:06:27 Premium: 0.9997880508279529, KimchiPrice: 1.18725e+08, AnchorPrice: 1490, CefiPrice: 79698.1
2025/04/08 15:06:28 Premium: 1.0004505416583134, KimchiPrice: 1.18815e+08, AnchorPrice: 1490, CefiPrice: 79705.7
2025/04/08 15:06:29 Premium: 1.0004492864792152, KimchiPrice: 1.18815e+08, AnchorPrice: 1490, CefiPrice: 79705.8
2025/04/08 15:06:30 Premium: 1.0004492864792152, KimchiPrice: 1.18815e+08, AnchorPrice: 1490, CefiPrice: 79705.8
2025/04/08 15:06:31 Premium: 1.0004492864792152, KimchiPrice: 1.18815e+08, AnchorPrice: 1490, CefiPrice: 79705.8
2025/04/08 15:06:32 Premium: 1.0004492864792152, KimchiPrice: 1.18815e+08, AnchorPrice: 1490, CefiPrice: 79705.8
2025/04/08 15:06:33 Premium: 1.0004523718737632, KimchiPrice: 1.1881e+08, AnchorPrice: 1490, CefiPrice: 79702.2
2025/04/08 15:06:34 Premium: 1.0004536271134266, KimchiPrice: 1.1881e+08, AnchorPrice: 1490, CefiPrice: 79702.1
2025/04/08 15:06:35 Premium: 1.0004536271134266, KimchiPrice: 1.1881e+08, AnchorPrice: 1490, CefiPrice: 79702.1
2025/04/08 15:06:36 Premium: 1.0004134610064457, KimchiPrice: 1.1881e+08, AnchorPrice: 1490, CefiPrice: 79705.3
2025/04/08 15:06:37 Premium: 1.0004122058675706, KimchiPrice: 1.1881e+08, AnchorPrice: 1490, CefiPrice: 79705.4
2025/04/08 15:06:38 Premium: 1.0007480273532594, KimchiPrice: 1.1881e+08, AnchorPrice: 1489.5, CefiPrice: 79705.4
2025/04/08 15:06:39 Premium: 1.0009389086663416, KimchiPrice: 1.1881e+08, AnchorPrice: 1489.5, CefiPrice: 79690.2
2025/04/08 15:06:40 Premium: 1.001089945009582, KimchiPrice: 1.18799e+08, AnchorPrice: 1489.5, CefiPrice: 79670.8
2025/04/08 15:06:41 Premium: 1.001014558703028, KimchiPrice: 1.18799e+08, AnchorPrice: 1489.5, CefiPrice: 79676.8
2025/04/08 15:06:42 Premium: 1.0009655636919532, KimchiPrice: 1.18799e+08, AnchorPrice: 1489.5, CefiPrice: 79680.7
2025/04/08 15:06:43 Premium: 1.0003049074836687, KimchiPrice: 1.18734e+08, AnchorPrice: 1489.5, CefiPrice: 79689.7
2025/04/08 15:06:44 Premium: 1.0010793471759756, KimchiPrice: 1.18708e+08, AnchorPrice: 1490, CefiPrice: 79583.9
2025/04/08 15:06:45 Premium: 1.0006845249307372, KimchiPrice: 1.18708e+08, AnchorPrice: 1490, CefiPrice: 79615.3
2025/04/08 15:06:46 Premium: 1.0004455955758533, KimchiPrice: 1.18708e+08, AnchorPrice: 1490.5, CefiPrice: 79607.6
2025/04/08 15:06:47 Premium: 1.0005966503439885, KimchiPrice: 1.18704e+08, AnchorPrice: 1490.5, CefiPrice: 79592.9
2025/04/08 15:06:48 Premium: 1.0005966503439885, KimchiPrice: 1.18704e+08, AnchorPrice: 1490.5, CefiPrice: 79592.9
2025/04/08 15:06:49 Premium: 1.0008028643024516, KimchiPrice: 1.18704e+08, AnchorPrice: 1490.5, CefiPrice: 79576.5
2025/04/08 15:06:50 Premium: 1.0007563713737406, KimchiPrice: 1.18687e+08, AnchorPrice: 1490.5, CefiPrice: 79568.8
2025/04/08 15:06:51 Premium: 1.0007563713737406, KimchiPrice: 1.18687e+08, AnchorPrice: 1490.5, CefiPrice: 79568.8
2025/04/08 15:06:52 Premium: 1.001072717779196, KimchiPrice: 1.18709e+08, AnchorPrice: 1490.5, CefiPrice: 79558.4
2025/04/08 15:06:53 Premium: 1.0005881327188306, KimchiPrice: 1.18632e+08, AnchorPrice: 1490.5, CefiPrice: 79545.3
2025/04/08 15:06:54 Premium: 1.0005868748357443, KimchiPrice: 1.18632e+08, AnchorPrice: 1490.5, CefiPrice: 79545.4
2025/04/08 15:06:55 Premium: 1.0006661276473985, KimchiPrice: 1.18632e+08, AnchorPrice: 1490.5, CefiPrice: 79539.1
2025/04/08 15:06:56 Premium: 1.0005619528142022, KimchiPrice: 1.18611e+08, AnchorPrice: 1490.5, CefiPrice: 79533.3
2025/04/08 15:06:57 Premium: 1.0005522591258231, KimchiPrice: 1.1861e+08, AnchorPrice: 1490.5, CefiPrice: 79533.4
2025/04/08 15:06:58 Premium: 1.0005535171551756, KimchiPrice: 1.1861e+08, AnchorPrice: 1490.5, CefiPrice: 79533.3
2025/04/08 15:06:59 Premium: 1.0005535171551756, KimchiPrice: 1.1861e+08, AnchorPrice: 1490.5, CefiPrice: 79533.3
2025/04/08 15:07:00 Premium: 1.0007981512669495, KimchiPrice: 1.18639e+08, AnchorPrice: 1490.5, CefiPrice: 79533.3
2025/04/08 15:07:01 Premium: 1.000431054776483, KimchiPrice: 1.18601e+08, AnchorPrice: 1490.5, CefiPrice: 79537
2025/04/08 15:07:02 Premium: 1.000326666739042, KimchiPrice: 1.18601e+08, AnchorPrice: 1490.5, CefiPrice: 79545.3
2025/04/08 15:07:03 Premium: 1.000080812285251, KimchiPrice: 1.18572e+08, AnchorPrice: 1490.5, CefiPrice: 79545.4
2025/04/08 15:07:04 Premium: 1.0002232688374333, KimchiPrice: 1.18571e+08, AnchorPrice: 1490.5, CefiPrice: 79533.4
2025/04/08 15:07:05 Premium: 1.0003301774633495, KimchiPrice: 1.18571e+08, AnchorPrice: 1490.5, CefiPrice: 79524.9
2025/04/08 15:07:06 Premium: 1.001179489855667, KimchiPrice: 1.18666e+08, AnchorPrice: 1490.5, CefiPrice: 79521.1
2025/04/08 15:07:07 Premium: 1.0011782308461328, KimchiPrice: 1.18666e+08, AnchorPrice: 1490.5, CefiPrice: 79521.2
2025/04/08 15:07:08 Premium: 1.001850388100813, KimchiPrice: 1.18666e+08, AnchorPrice: 1489.5, CefiPrice: 79521.2
2025/04/08 15:07:09 Premium: 1.0011329086116718, KimchiPrice: 1.18666e+08, AnchorPrice: 1490.5, CefiPrice: 79524.8
2025/04/08 15:07:10 Premium: 1.0001880138164947, KimchiPrice: 1.18554e+08, AnchorPrice: 1490.5, CefiPrice: 79524.8
2025/04/08 15:07:11 Premium: 1.0001641179774086, KimchiPrice: 1.18554e+08, AnchorPrice: 1490.5, CefiPrice: 79526.7
2025/04/08 15:07:12 Premium: 1.0001540569130676, KimchiPrice: 1.18554e+08, AnchorPrice: 1490.5, CefiPrice: 79527.5
2025/04/08 15:07:13 Premium: 1.002080819813193, KimchiPrice: 1.18663e+08, AnchorPrice: 1489, CefiPrice: 79527.6
2025/04/08 15:07:14 Premium: 1.0020505797280987, KimchiPrice: 1.18663e+08, AnchorPrice: 1489, CefiPrice: 79530
2025/04/08 15:07:15 Premium: 1.0010383663001559, KimchiPrice: 1.18663e+08, AnchorPrice: 1490.5, CefiPrice: 79530.3
2025/04/08 15:07:16 Premium: 1.0009527479474594, KimchiPrice: 1.18653e+08, AnchorPrice: 1490.5, CefiPrice: 79530.4
2025/04/08 15:07:17 Premium: 1.0009326110918952, KimchiPrice: 1.18653e+08, AnchorPrice: 1490.5, CefiPrice: 79532
2025/04/08 15:07:18 Premium: 1.0008822724974933, KimchiPrice: 1.18653e+08, AnchorPrice: 1490.5, CefiPrice: 79536
2025/04/08 15:07:19 Premium: 1.000811806970951, KimchiPrice: 1.18653e+08, AnchorPrice: 1490.5, CefiPrice: 79541.6
2025/04/08 15:07:20 Premium: 1.0007816104968397, KimchiPrice: 1.18653e+08, AnchorPrice: 1490.5, CefiPrice: 79544
2025/04/08 15:07:21 Premium: 1.000608016126145, KimchiPrice: 1.18653e+08, AnchorPrice: 1490.5, CefiPrice: 79557.8
2025/04/08 15:07:22 Premium: 1.0008810140975055, KimchiPrice: 1.18653e+08, AnchorPrice: 1490.5, CefiPrice: 79536.1
2025/04/08 15:07:23 Premium: 1.000913733525629, KimchiPrice: 1.18653e+08, AnchorPrice: 1490.5, CefiPrice: 79533.5
2025/04/08 15:07:24 Premium: 1.0009326110918952, KimchiPrice: 1.18653e+08, AnchorPrice: 1490.5, CefiPrice: 79532
2025/04/08 15:07:25 Premium: 1.0009326110918952, KimchiPrice: 1.18653e+08, AnchorPrice: 1490.5, CefiPrice: 79532
2025/04/08 15:07:26 Premium: 1.000931352565324, KimchiPrice: 1.18653e+08, AnchorPrice: 1490.5, CefiPrice: 79532.1
2025/04/08 15:07:27 Premium: 1.000931352565324, KimchiPrice: 1.18653e+08, AnchorPrice: 1490.5, CefiPrice: 79532.1
2025/04/08 15:07:28 Premium: 1.0009326110918952, KimchiPrice: 1.18653e+08, AnchorPrice: 1490.5, CefiPrice: 79532
2025/04/08 15:07:29 Premium: 1.001006869761759, KimchiPrice: 1.18653e+08, AnchorPrice: 1490.5, CefiPrice: 79526.1
2025/04/08 15:07:30 Premium: 1.0009665925056628, KimchiPrice: 1.18653e+08, AnchorPrice: 1490.5, CefiPrice: 79529.3
2025/04/08 15:07:31 Premium: 1.0009984333389987, KimchiPrice: 1.18652e+08, AnchorPrice: 1490.5, CefiPrice: 79526.1
2025/04/08 15:07:32 Premium: 1.0009984333389987, KimchiPrice: 1.18652e+08, AnchorPrice: 1490.5, CefiPrice: 79526.1
2025/04/08 15:07:33 Premium: 1.001149500649074, KimchiPrice: 1.18652e+08, AnchorPrice: 1490.5, CefiPrice: 79514.1
2025/04/08 15:07:34 Premium: 1.001072702402164, KimchiPrice: 1.18652e+08, AnchorPrice: 1490.5, CefiPrice: 79520.2
2025/04/08 15:07:35 Premium: 1.001072702402164, KimchiPrice: 1.18652e+08, AnchorPrice: 1490.5, CefiPrice: 79520.2
2025/04/08 15:07:36 Premium: 1.0017447888086104, KimchiPrice: 1.18652e+08, AnchorPrice: 1489.5, CefiPrice: 79520.2
2025/04/08 15:07:37 Premium: 1.0009552651113742, KimchiPrice: 1.18653e+08, AnchorPrice: 1490.5, CefiPrice: 79530.2
2025/04/08 15:07:38 Premium: 1.000665874224552, KimchiPrice: 1.18653e+08, AnchorPrice: 1490.5, CefiPrice: 79553.2
2025/04/08 15:07:39 Premium: 1.0005816048708034, KimchiPrice: 1.18653e+08, AnchorPrice: 1490.5, CefiPrice: 79559.9
2025/04/08 15:07:40 Premium: 1.0003389062859533, KimchiPrice: 1.18557e+08, AnchorPrice: 1489.5, CefiPrice: 79568.2
2025/04/08 15:07:41 Premium: 0.9999945250263907, KimchiPrice: 1.18557e+08, AnchorPrice: 1490.5, CefiPrice: 79542.2
2025/04/08 15:07:42 Premium: 0.99999326784056, KimchiPrice: 1.18557e+08, AnchorPrice: 1490.5, CefiPrice: 79542.3
2025/04/08 15:07:43 Premium: 0.99999326784056, KimchiPrice: 1.18557e+08, AnchorPrice: 1490.5, CefiPrice: 79542.3
2025/04/08 15:07:44 Premium: 0.9999945250263907, KimchiPrice: 1.18557e+08, AnchorPrice: 1490.5, CefiPrice: 79542.2
2025/04/08 15:07:45 Premium: 0.99999326784056, KimchiPrice: 1.18557e+08, AnchorPrice: 1490.5, CefiPrice: 79542.3
2025/04/08 15:07:46 Premium: 0.9999278985330046, KimchiPrice: 1.18557e+08, AnchorPrice: 1490.5, CefiPrice: 79547.5
2025/04/08 15:07:47 Premium: 0.9999538466297765, KimchiPrice: 1.18572e+08, AnchorPrice: 1490.5, CefiPrice: 79555.5
2025/04/08 15:07:48 Premium: 0.9999538466297765, KimchiPrice: 1.18572e+08, AnchorPrice: 1490.5, CefiPrice: 79555.5
2025/04/08 15:07:49 Premium: 0.9999538466297765, KimchiPrice: 1.18572e+08, AnchorPrice: 1490.5, CefiPrice: 79555.5
2025/04/08 15:07:50 Premium: 0.9999085993375387, KimchiPrice: 1.18572e+08, AnchorPrice: 1490.5, CefiPrice: 79559.1
2025/04/08 15:07:51 Premium: 0.9998985449397899, KimchiPrice: 1.18572e+08, AnchorPrice: 1490.5, CefiPrice: 79559.9
2025/04/08 15:07:52 Premium: 0.9998998017284505, KimchiPrice: 1.18572e+08, AnchorPrice: 1490.5, CefiPrice: 79559.8
2025/04/08 15:07:53 Premium: 0.9995467683599542, KimchiPrice: 1.18572e+08, AnchorPrice: 1490.5, CefiPrice: 79587.9
2025/04/08 15:07:54 Premium: 0.999552324914502, KimchiPrice: 1.18574e+08, AnchorPrice: 1490.5, CefiPrice: 79588.8
2025/04/08 15:07:55 Premium: 0.9996151236452055, KimchiPrice: 1.18574e+08, AnchorPrice: 1490.5, CefiPrice: 79583.8
2025/04/08 15:07:56 Premium: 1.0002874883808712, KimchiPrice: 1.18574e+08, AnchorPrice: 1489.5, CefiPrice: 79583.7
2025/04/08 15:07:57 Premium: 1.0003115393804713, KimchiPrice: 1.18577e+08, AnchorPrice: 1489.5, CefiPrice: 79583.8
2025/04/08 15:07:58 Premium: 1.0003115393804713, KimchiPrice: 1.18577e+08, AnchorPrice: 1489.5, CefiPrice: 79583.8
2025/04/08 15:07:59 Premium: 1.000202086758769, KimchiPrice: 1.18577e+08, AnchorPrice: 1490, CefiPrice: 79565.8
2025/04/08 15:08:00 Premium: 1.0008356027926395, KimchiPrice: 1.18653e+08, AnchorPrice: 1490, CefiPrice: 79566.4
2025/04/08 15:08:01 Premium: 1.000845665790747, KimchiPrice: 1.18653e+08, AnchorPrice: 1490, CefiPrice: 79565.6
2025/04/08 15:08:02 Premium: 1.0008884357903662, KimchiPrice: 1.18653e+08, AnchorPrice: 1490, CefiPrice: 79562.2
2025/04/08 15:08:03 Premium: 1.0008871777970254, KimchiPrice: 1.18653e+08, AnchorPrice: 1490, CefiPrice: 79562.3
2025/04/08 15:08:04 Premium: 1.0009664375539276, KimchiPrice: 1.18653e+08, AnchorPrice: 1490, CefiPrice: 79556
2025/04/08 15:08:05 Premium: 1.0010520018559617, KimchiPrice: 1.18653e+08, AnchorPrice: 1490, CefiPrice: 79549.2
2025/04/08 15:08:06 Premium: 1.0012348777265154, KimchiPrice: 1.18652e+08, AnchorPrice: 1490, CefiPrice: 79534
2025/04/08 15:08:07 Premium: 1.0009984333389987, KimchiPrice: 1.18652e+08, AnchorPrice: 1490.5, CefiPrice: 79526.1
2025/04/08 15:08:08 Premium: 1.0002850196814874, KimchiPrice: 1.18557e+08, AnchorPrice: 1490.5, CefiPrice: 79519.1
2025/04/08 15:08:09 Premium: 1.000131577235053, KimchiPrice: 1.18557e+08, AnchorPrice: 1490.5, CefiPrice: 79531.3
2025/04/08 15:08:10 Premium: 1.0004196547487836, KimchiPrice: 1.18591e+08, AnchorPrice: 1490.5, CefiPrice: 79531.2
2025/04/08 15:08:11 Premium: 1.0003467021104198, KimchiPrice: 1.18591e+08, AnchorPrice: 1490.5, CefiPrice: 79537
2025/04/08 15:08:12 Premium: 1.0003467021104198, KimchiPrice: 1.18591e+08, AnchorPrice: 1490.5, CefiPrice: 79537
2025/04/08 15:08:13 Premium: 1.0003102297809836, KimchiPrice: 1.18591e+08, AnchorPrice: 1490.5, CefiPrice: 79539.9
2025/04/08 15:08:14 Premium: 1.0003089721618865, KimchiPrice: 1.18591e+08, AnchorPrice: 1490.5, CefiPrice: 79540
2025/04/08 15:08:15 Premium: 1.0003102297809836, KimchiPrice: 1.18591e+08, AnchorPrice: 1490.5, CefiPrice: 79539.9
2025/04/08 15:08:16 Premium: 1.0005416855285232, KimchiPrice: 1.18591e+08, AnchorPrice: 1490.5, CefiPrice: 79521.5
2025/04/08 15:08:17 Premium: 1.0005429437328375, KimchiPrice: 1.18591e+08, AnchorPrice: 1490.5, CefiPrice: 79521.4
2025/04/08 15:08:18 Premium: 1.0005429437328375, KimchiPrice: 1.18591e+08, AnchorPrice: 1490.5, CefiPrice: 79521.4
2025/04/08 15:08:19 Premium: 1.0005429437328375, KimchiPrice: 1.18591e+08, AnchorPrice: 1490.5, CefiPrice: 79521.4
2025/04/08 15:08:20 Premium: 1.0005706250283763, KimchiPrice: 1.18591e+08, AnchorPrice: 1490.5, CefiPrice: 79519.2
2025/04/08 15:08:21 Premium: 1.000641093419949, KimchiPrice: 1.18591e+08, AnchorPrice: 1490.5, CefiPrice: 79513.6
2025/04/08 15:08:22 Premium: 1.000641093419949, KimchiPrice: 1.18591e+08, AnchorPrice: 1490.5, CefiPrice: 79513.6
2025/04/08 15:08:23 Premium: 1.0006398349687722, KimchiPrice: 1.18591e+08, AnchorPrice: 1490.5, CefiPrice: 79513.7
2025/04/08 15:08:24 Premium: 1.0006398349687722, KimchiPrice: 1.18591e+08, AnchorPrice: 1490.5, CefiPrice: 79513.7
2025/04/08 15:08:25 Premium: 1.000641093419949, KimchiPrice: 1.18591e+08, AnchorPrice: 1490.5, CefiPrice: 79513.6
2025/04/08 15:08:26 Premium: 1.0006863997705504, KimchiPrice: 1.18591e+08, AnchorPrice: 1490.5, CefiPrice: 79510
2025/04/08 15:08:27 Premium: 1.000561817177291, KimchiPrice: 1.18591e+08, AnchorPrice: 1490.5, CefiPrice: 79519.9
2025/04/08 15:08:28 Premium: 1.0004611670339147, KimchiPrice: 1.18591e+08, AnchorPrice: 1490.5, CefiPrice: 79527.9
2025/04/08 15:08:29 Premium: 1.0001658989204307, KimchiPrice: 1.18556e+08, AnchorPrice: 1490.5, CefiPrice: 79527.9
2025/04/08 15:08:30 Premium: 1.0001658989204307, KimchiPrice: 1.18556e+08, AnchorPrice: 1490.5, CefiPrice: 79527.9
2025/04/08 15:08:31 Premium: 1.000240104534017, KimchiPrice: 1.18556e+08, AnchorPrice: 1490.5, CefiPrice: 79522
2025/04/08 15:08:32 Premium: 1.0005353945544184, KimchiPrice: 1.18591e+08, AnchorPrice: 1490.5, CefiPrice: 79522
2025/04/08 15:08:33 Premium: 1.0008711446868193, KimchiPrice: 1.18591e+08, AnchorPrice: 1490, CefiPrice: 79522
2025/04/08 15:08:34 Premium: 1.000954219783655, KimchiPrice: 1.18591e+08, AnchorPrice: 1490, CefiPrice: 79515.4
2025/04/08 15:08:35 Premium: 1.0008837309362966, KimchiPrice: 1.18591e+08, AnchorPrice: 1490, CefiPrice: 79521
2025/04/08 15:08:36 Premium: 1.000399528820266, KimchiPrice: 1.18591e+08, AnchorPrice: 1490.5, CefiPrice: 79532.8
2025/04/08 15:08:37 Premium: 1.0003856927141315, KimchiPrice: 1.18591e+08, AnchorPrice: 1490.5, CefiPrice: 79533.9
2025/04/08 15:08:38 Premium: 1.0003856927141315, KimchiPrice: 1.18591e+08, AnchorPrice: 1490.5, CefiPrice: 79533.9
2025/04/08 15:08:39 Premium: 1.000473747194427, KimchiPrice: 1.18591e+08, AnchorPrice: 1490.5, CefiPrice: 79526.9
2025/04/08 15:08:40 Premium: 1.0001881693788028, KimchiPrice: 1.18557e+08, AnchorPrice: 1490.5, CefiPrice: 79526.8
2025/04/08 15:08:41 Premium: 1.0001881693788028, KimchiPrice: 1.18557e+08, AnchorPrice: 1490.5, CefiPrice: 79526.8
2025/04/08 15:08:42 Premium: 1.0004347497265995, KimchiPrice: 1.18591e+08, AnchorPrice: 1490.5, CefiPrice: 79530
2025/04/08 15:08:43 Premium: 1.0000988824709236, KimchiPrice: 1.18557e+08, AnchorPrice: 1490.5, CefiPrice: 79533.9
2025/04/08 15:08:44 Premium: 1.0000913378289191, KimchiPrice: 1.18557e+08, AnchorPrice: 1490.5, CefiPrice: 79534.5
2025/04/08 15:08:45 Premium: 1.0000498443325585, KimchiPrice: 1.18557e+08, AnchorPrice: 1490.5, CefiPrice: 79537.8
2025/04/08 15:08:46 Premium: 1.0000246984346726, KimchiPrice: 1.18557e+08, AnchorPrice: 1490.5, CefiPrice: 79539.8
2025/04/08 15:08:47 Premium: 0.9999040157255011, KimchiPrice: 1.18557e+08, AnchorPrice: 1490.5, CefiPrice: 79549.4
2025/04/08 15:08:48 Premium: 0.9999040157255011, KimchiPrice: 1.18557e+08, AnchorPrice: 1490.5, CefiPrice: 79549.4
2025/04/08 15:08:49 Premium: 1.0001832262194401, KimchiPrice: 1.18591e+08, AnchorPrice: 1490.5, CefiPrice: 79550
2025/04/08 15:08:50 Premium: 0.9998313057095737, KimchiPrice: 1.18591e+08, AnchorPrice: 1490.5, CefiPrice: 79578
2025/04/08 15:08:51 Premium: 1.000262348408268, KimchiPrice: 1.18591e+08, AnchorPrice: 1490, CefiPrice: 79570.4
2025/04/08 15:08:52 Premium: 0.9999293158212051, KimchiPrice: 1.18591e+08, AnchorPrice: 1490.5, CefiPrice: 79570.2
2025/04/08 15:08:53 Premium: 1.0001065367175672, KimchiPrice: 1.18591e+08, AnchorPrice: 1490.5, CefiPrice: 79556.1
2025/04/08 15:08:54 Premium: 1.0004591737316915, KimchiPrice: 1.1861e+08, AnchorPrice: 1490.5, CefiPrice: 79540.8
2025/04/08 15:08:55 Premium: 1.0006705277143721, KimchiPrice: 1.1861e+08, AnchorPrice: 1490.5, CefiPrice: 79524
2025/04/08 15:08:56 Premium: 1.001006323193471, KimchiPrice: 1.1861e+08, AnchorPrice: 1490, CefiPrice: 79524
2025/04/08 15:08:57 Premium: 1.0010050644476023, KimchiPrice: 1.1861e+08, AnchorPrice: 1490, CefiPrice: 79524.1
2025/04/08 15:08:58 Premium: 1.0009622689715831, KimchiPrice: 1.1861e+08, AnchorPrice: 1490, CefiPrice: 79527.5
2025/04/08 15:08:59 Premium: 1.0009610103365068, KimchiPrice: 1.1861e+08, AnchorPrice: 1490, CefiPrice: 79527.6
2025/04/08 15:09:00 Premium: 1.0009597517045958, KimchiPrice: 1.1861e+08, AnchorPrice: 1490, CefiPrice: 79527.7
2025/04/08 15:09:01 Premium: 1.000595033898626, KimchiPrice: 1.1861e+08, AnchorPrice: 1490.5, CefiPrice: 79530
2025/04/08 15:09:02 Premium: 1.0005937757648704, KimchiPrice: 1.1861e+08, AnchorPrice: 1490.5, CefiPrice: 79530.1
2025/04/08 15:09:03 Premium: 1.000595033898626, KimchiPrice: 1.1861e+08, AnchorPrice: 1490.5, CefiPrice: 79530
2025/04/08 15:09:04 Premium: 1.00066028730618, KimchiPrice: 1.1861e+08, AnchorPrice: 1490, CefiPrice: 79551.5
2025/04/08 15:09:05 Premium: 1.0007093469273438, KimchiPrice: 1.1861e+08, AnchorPrice: 1490, CefiPrice: 79547.6
2025/04/08 15:09:06 Premium: 1.0006791558219683, KimchiPrice: 1.1861e+08, AnchorPrice: 1490, CefiPrice: 79550
2025/04/08 15:09:07 Premium: 1.0004610587971583, KimchiPrice: 1.18584e+08, AnchorPrice: 1490, CefiPrice: 79549.9
2025/04/08 15:09:08 Premium: 1.00048998563386, KimchiPrice: 1.18584e+08, AnchorPrice: 1490, CefiPrice: 79547.6
2025/04/08 15:09:09 Premium: 1.0006082257482323, KimchiPrice: 1.18584e+08, AnchorPrice: 1490, CefiPrice: 79538.2
2025/04/08 15:09:10 Premium: 1.0006786799527243, KimchiPrice: 1.18584e+08, AnchorPrice: 1490, CefiPrice: 79532.6
2025/04/08 15:09:11 Premium: 1.0006799381536862, KimchiPrice: 1.18584e+08, AnchorPrice: 1490, CefiPrice: 79532.5
2025/04/08 15:09:12 Premium: 1.0003442521630275, KimchiPrice: 1.18584e+08, AnchorPrice: 1490.5, CefiPrice: 79532.5
2025/04/08 15:09:13 Premium: 1.000511564944768, KimchiPrice: 1.18584e+08, AnchorPrice: 1490.5, CefiPrice: 79519.2
2025/04/08 15:09:14 Premium: 1.0003505411049136, KimchiPrice: 1.18584e+08, AnchorPrice: 1490.5, CefiPrice: 79532
2025/04/08 15:09:15 Premium: 1.0003505411049136, KimchiPrice: 1.18584e+08, AnchorPrice: 1490.5, CefiPrice: 79532
2025/04/08 15:09:16 Premium: 1.0003505411049136, KimchiPrice: 1.18584e+08, AnchorPrice: 1490.5, CefiPrice: 79532
2025/04/08 15:09:17 Premium: 1.0003140663426495, KimchiPrice: 1.18584e+08, AnchorPrice: 1490.5, CefiPrice: 79534.9
2025/04/08 15:09:18 Premium: 1.0008238769232376, KimchiPrice: 1.18651e+08, AnchorPrice: 1490.5, CefiPrice: 79539.3
2025/04/08 15:09:19 Premium: 1.0008226186488771, KimchiPrice: 1.18651e+08, AnchorPrice: 1490.5, CefiPrice: 79539.4
2025/04/08 15:09:20 Premium: 1.0008226186488771, KimchiPrice: 1.18651e+08, AnchorPrice: 1490.5, CefiPrice: 79539.4
2025/04/08 15:09:21 Premium: 1.0004881038234028, KimchiPrice: 1.1861e+08, AnchorPrice: 1490.5, CefiPrice: 79538.5
2025/04/08 15:09:22 Premium: 1.0002700486199874, KimchiPrice: 1.18584e+08, AnchorPrice: 1490.5, CefiPrice: 79538.4
2025/04/08 15:09:23 Premium: 1.0001849503048432, KimchiPrice: 1.186e+08, AnchorPrice: 1490.5, CefiPrice: 79555.9
2025/04/08 15:09:24 Premium: 1.0001811786882364, KimchiPrice: 1.186e+08, AnchorPrice: 1490.5, CefiPrice: 79556.2
2025/04/08 15:09:25 Premium: 1.0001811786882364, KimchiPrice: 1.186e+08, AnchorPrice: 1490.5, CefiPrice: 79556.2
2025/04/08 15:09:26 Premium: 1.0005168099562525, KimchiPrice: 1.186e+08, AnchorPrice: 1490, CefiPrice: 79556.2
2025/04/08 15:09:27 Premium: 1.0000977879296207, KimchiPrice: 1.18584e+08, AnchorPrice: 1490.5, CefiPrice: 79552.1
2025/04/08 15:09:28 Premium: 1.0001983709056483, KimchiPrice: 1.18584e+08, AnchorPrice: 1490.5, CefiPrice: 79544.1
2025/04/08 15:09:29 Premium: 1.0001983709056483, KimchiPrice: 1.18584e+08, AnchorPrice: 1490.5, CefiPrice: 79544.1
2025/04/08 15:09:30 Premium: 1.000535265780047, KimchiPrice: 1.18584e+08, AnchorPrice: 1490, CefiPrice: 79544
2025/04/08 15:09:31 Premium: 1.000532750108846, KimchiPrice: 1.18584e+08, AnchorPrice: 1490, CefiPrice: 79544.2
2025/04/08 15:09:32 Premium: 1.0001983709056483, KimchiPrice: 1.18584e+08, AnchorPrice: 1490.5, CefiPrice: 79544.1
2025/04/08 15:09:33 Premium: 1.000332065542894, KimchiPrice: 1.186e+08, AnchorPrice: 1490.5, CefiPrice: 79544.2
2025/04/08 15:09:34 Premium: 1.000276735077136, KimchiPrice: 1.186e+08, AnchorPrice: 1490.5, CefiPrice: 79548.6
2025/04/08 15:09:35 Premium: 1.0004761508510893, KimchiPrice: 1.18584e+08, AnchorPrice: 1490, CefiPrice: 79548.7
2025/04/08 15:09:36 Premium: 1.000275477637687, KimchiPrice: 1.186e+08, AnchorPrice: 1490.5, CefiPrice: 79548.7
2025/04/08 15:09:37 Premium: 1.0003140663426495, KimchiPrice: 1.18584e+08, AnchorPrice: 1490.5, CefiPrice: 79534.9
2025/04/08 15:09:38 Premium: 1.00035179890278, KimchiPrice: 1.18584e+08, AnchorPrice: 1490.5, CefiPrice: 79531.9
2025/04/08 15:09:39 Premium: 1.0002423823199218, KimchiPrice: 1.18584e+08, AnchorPrice: 1490.5, CefiPrice: 79540.6
2025/04/08 15:09:40 Premium: 1.0001417904923027, KimchiPrice: 1.18584e+08, AnchorPrice: 1490.5, CefiPrice: 79548.6
2025/04/08 15:09:41 Premium: 1.0001405332224913, KimchiPrice: 1.18584e+08, AnchorPrice: 1490.5, CefiPrice: 79548.7
2025/04/08 15:09:42 Premium: 1.0001405332224913, KimchiPrice: 1.18584e+08, AnchorPrice: 1490.5, CefiPrice: 79548.7
2025/04/08 15:09:43 Premium: 1.0001417904923027, KimchiPrice: 1.18584e+08, AnchorPrice: 1490.5, CefiPrice: 79548.6
2025/04/08 15:09:44 Premium: 1.000200885739271, KimchiPrice: 1.18584e+08, AnchorPrice: 1490.5, CefiPrice: 79543.9
2025/04/08 15:09:45 Premium: 1.0001417904923027, KimchiPrice: 1.18584e+08, AnchorPrice: 1490.5, CefiPrice: 79548.6
2025/04/08 15:09:46 Premium: 1.0001405332224913, KimchiPrice: 1.18584e+08, AnchorPrice: 1490.5, CefiPrice: 79548.7
2025/04/08 15:09:47 Premium: 1.0001417904923027, KimchiPrice: 1.18584e+08, AnchorPrice: 1490.5, CefiPrice: 79548.6
2025/04/08 15:09:48 Premium: 1.000276735077136, KimchiPrice: 1.186e+08, AnchorPrice: 1490.5, CefiPrice: 79548.6
2025/04/08 15:09:49 Premium: 1.000276735077136, KimchiPrice: 1.186e+08, AnchorPrice: 1490.5, CefiPrice: 79548.6
2025/04/08 15:09:50 Premium: 1.000276735077136, KimchiPrice: 1.186e+08, AnchorPrice: 1490.5, CefiPrice: 79548.6
2025/04/08 15:09:51 Premium: 1.0001417904923027, KimchiPrice: 1.18584e+08, AnchorPrice: 1490.5, CefiPrice: 79548.6
2025/04/08 15:09:52 Premium: 1.0003882764168541, KimchiPrice: 1.18584e+08, AnchorPrice: 1490.5, CefiPrice: 79529
2025/04/08 15:09:53 Premium: 1.000400855486822, KimchiPrice: 1.18584e+08, AnchorPrice: 1490.5, CefiPrice: 79528
2025/04/08 15:09:54 Premium: 1.0003995975655897, KimchiPrice: 1.18584e+08, AnchorPrice: 1490.5, CefiPrice: 79528.1
2025/04/08 15:09:55 Premium: 1.0002625031136423, KimchiPrice: 1.18584e+08, AnchorPrice: 1490.5, CefiPrice: 79539
2025/04/08 15:09:56 Premium: 1.0002612455403188, KimchiPrice: 1.18584e+08, AnchorPrice: 1490.5, CefiPrice: 79539.1
2025/04/08 15:09:57 Premium: 1.0002696805842164, KimchiPrice: 1.18585e+08, AnchorPrice: 1490.5, CefiPrice: 79539.1
2025/04/08 15:09:58 Premium: 1.0001062696215701, KimchiPrice: 1.18554e+08, AnchorPrice: 1490.5, CefiPrice: 79531.3
2025/04/08 15:09:59 Premium: 1.0001062696215701, KimchiPrice: 1.18554e+08, AnchorPrice: 1490.5, CefiPrice: 79531.3
2025/04/08 15:10:00 Premium: 1.000105012122935, KimchiPrice: 1.18554e+08, AnchorPrice: 1490.5, CefiPrice: 79531.4
2025/04/08 15:10:01 Premium: 1.0004943196949763, KimchiPrice: 1.186e+08, AnchorPrice: 1490.5, CefiPrice: 79531.3
2025/04/08 15:10:02 Premium: 1.0004930617084205, KimchiPrice: 1.186e+08, AnchorPrice: 1490.5, CefiPrice: 79531.4
2025/04/08 15:10:03 Premium: 1.0002763366289027, KimchiPrice: 1.18584e+08, AnchorPrice: 1490.5, CefiPrice: 79537.9
2025/04/08 15:10:04 Premium: 1.000560423187851, KimchiPrice: 1.18584e+08, AnchorPrice: 1490, CefiPrice: 79542
2025/04/08 15:10:05 Premium: 1.0006954242568908, KimchiPrice: 1.186e+08, AnchorPrice: 1490, CefiPrice: 79542
2025/04/08 15:10:06 Premium: 1.000224777289432, KimchiPrice: 1.18584e+08, AnchorPrice: 1490.5, CefiPrice: 79542
2025/04/08 15:10:07 Premium: 1.000224777289432, KimchiPrice: 1.18584e+08, AnchorPrice: 1490.5, CefiPrice: 79542
2025/04/08 15:10:08 Premium: 1.0003353093858598, KimchiPrice: 1.18584e+08, AnchorPrice: 1490, CefiPrice: 79559.9
2025/04/08 15:10:09 Premium: 1.0000005398386775, KimchiPrice: 1.18554e+08, AnchorPrice: 1490, CefiPrice: 79566.4
2025/04/08 15:10:10 Premium: 1.0000809823154868, KimchiPrice: 1.18554e+08, AnchorPrice: 1490, CefiPrice: 79560
2025/04/08 15:10:11 Premium: 1.0000353688018335, KimchiPrice: 1.18555e+08, AnchorPrice: 1490, CefiPrice: 79564.3
2025/04/08 15:10:12 Premium: 1.0000341119138678, KimchiPrice: 1.18555e+08, AnchorPrice: 1490, CefiPrice: 79564.4
2025/04/08 15:10:13 Premium: 1.0002799896587797, KimchiPrice: 1.18584e+08, AnchorPrice: 1490, CefiPrice: 79564.3
2025/04/08 15:10:14 Premium: 1.0002799896587797, KimchiPrice: 1.18584e+08, AnchorPrice: 1490, CefiPrice: 79564.3
2025/04/08 15:10:15 Premium: 0.9998415318441072, KimchiPrice: 1.18535e+08, AnchorPrice: 1490, CefiPrice: 79566.3
2025/04/08 15:10:16 Premium: 0.9999180462501256, KimchiPrice: 1.18584e+08, AnchorPrice: 1490.5, CefiPrice: 79566.4
2025/04/08 15:10:17 Premium: 0.9999180462501256, KimchiPrice: 1.18584e+08, AnchorPrice: 1490.5, CefiPrice: 79566.4
2025/04/08 15:10:18 Premium: 0.9999180462501256, KimchiPrice: 1.18584e+08, AnchorPrice: 1490.5, CefiPrice: 79566.4
2025/04/08 15:10:19 Premium: 1.000044528496413, KimchiPrice: 1.18599e+08, AnchorPrice: 1490.5, CefiPrice: 79566.4
2025/04/08 15:10:20 Premium: 0.9999967697977006, KimchiPrice: 1.18599e+08, AnchorPrice: 1490.5, CefiPrice: 79570.2
2025/04/08 15:10:21 Premium: 0.9993015950591637, KimchiPrice: 1.18524e+08, AnchorPrice: 1490.5, CefiPrice: 79575.2
2025/04/08 15:10:22 Premium: 0.9999323148682651, KimchiPrice: 1.186e+08, AnchorPrice: 1490.5, CefiPrice: 79576
2025/04/08 15:10:23 Premium: 0.9998632080063464, KimchiPrice: 1.186e+08, AnchorPrice: 1490.5, CefiPrice: 79581.5
2025/04/08 15:10:24 Premium: 1.0001421787279372, KimchiPrice: 1.186e+08, AnchorPrice: 1490, CefiPrice: 79586
2025/04/08 15:10:25 Premium: 1.0002980314607055, KimchiPrice: 1.186e+08, AnchorPrice: 1490, CefiPrice: 79573.6
2025/04/08 15:10:26 Premium: 0.9999594519841607, KimchiPrice: 1.18546e+08, AnchorPrice: 1490, CefiPrice: 79564.3
2025/04/08 15:10:27 Premium: 0.9999594519841607, KimchiPrice: 1.18546e+08, AnchorPrice: 1490, CefiPrice: 79564.3
2025/04/08 15:10:28 Premium: 1.0007520717059089, KimchiPrice: 1.18651e+08, AnchorPrice: 1490, CefiPrice: 79571.7
2025/04/08 15:10:29 Premium: 1.0001651743331572, KimchiPrice: 1.18561e+08, AnchorPrice: 1490, CefiPrice: 79558
2025/04/08 15:10:30 Premium: 1.0005886346283275, KimchiPrice: 1.18651e+08, AnchorPrice: 1490.5, CefiPrice: 79558
2025/04/08 15:10:31 Premium: 1.0005886346283275, KimchiPrice: 1.18651e+08, AnchorPrice: 1490.5, CefiPrice: 79558
2025/04/08 15:10:32 Premium: 1.000099467312661, KimchiPrice: 1.186e+08, AnchorPrice: 1490.5, CefiPrice: 79562.7
2025/04/08 15:10:33 Premium: 1.0004350711607526, KimchiPrice: 1.186e+08, AnchorPrice: 1490, CefiPrice: 79562.7
2025/04/08 15:10:34 Premium: 1.0003596318180592, KimchiPrice: 1.186e+08, AnchorPrice: 1490, CefiPrice: 79568.7
2025/04/08 15:10:35 Premium: 1.0003432881267011, KimchiPrice: 1.186e+08, AnchorPrice: 1490, CefiPrice: 79570
2025/04/08 15:10:36 Premium: 1.0002829468153436, KimchiPrice: 1.186e+08, AnchorPrice: 1490, CefiPrice: 79574.8
2025/04/08 15:10:37 Premium: 1.0001836509221427, KimchiPrice: 1.186e+08, AnchorPrice: 1490, CefiPrice: 79582.7
2025/04/08 15:10:38 Premium: 1.0000278338269768, KimchiPrice: 1.186e+08, AnchorPrice: 1490, CefiPrice: 79595.1
2025/04/08 15:10:39 Premium: 1.0000265774348405, KimchiPrice: 1.186e+08, AnchorPrice: 1490, CefiPrice: 79595.2
2025/04/08 15:10:40 Premium: 1.0000265774348405, KimchiPrice: 1.186e+08, AnchorPrice: 1490, CefiPrice: 79595.2
2025/04/08 15:10:42 Premium: 0.9995893730566648, KimchiPrice: 1.18548e+08, AnchorPrice: 1490, CefiPrice: 79595.1
2025/04/08 15:10:43 Premium: 0.9995893730566648, KimchiPrice: 1.18548e+08, AnchorPrice: 1490, CefiPrice: 79595.1
2025/04/08 15:10:44 Premium: 0.9995743031696517, KimchiPrice: 1.18548e+08, AnchorPrice: 1490, CefiPrice: 79596.3
2025/04/08 15:10:45 Premium: 0.9996760392173147, KimchiPrice: 1.186e+08, AnchorPrice: 1490.5, CefiPrice: 79596.4
2025/04/08 15:10:46 Premium: 0.9999687868090323, KimchiPrice: 1.186e+08, AnchorPrice: 1490, CefiPrice: 79599.8
2025/04/08 15:10:47 Premium: 0.9996320835573546, KimchiPrice: 1.186e+08, AnchorPrice: 1490.5, CefiPrice: 79599.9
2025/04/08 15:10:48 Premium: 0.9999662743246434, KimchiPrice: 1.186e+08, AnchorPrice: 1490, CefiPrice: 79600
2025/04/08 15:10:49 Premium: 0.9999662743246434, KimchiPrice: 1.186e+08, AnchorPrice: 1490, CefiPrice: 79600
2025/04/08 15:10:50 Premium: 0.9994519577754545, KimchiPrice: 1.18539e+08, AnchorPrice: 1490, CefiPrice: 79600
2025/04/08 15:10:51 Premium: 0.9994519577754545, KimchiPrice: 1.18539e+08, AnchorPrice: 1490, CefiPrice: 79600
2025/04/08 15:10:52 Premium: 0.9994532133699437, KimchiPrice: 1.18539e+08, AnchorPrice: 1490, CefiPrice: 79599.9
2025/04/08 15:10:53 Premium: 0.999091580916974, KimchiPrice: 1.18539e+08, AnchorPrice: 1490.5, CefiPrice: 79602
2025/04/08 15:10:54 Premium: 1.0003199843631398, KimchiPrice: 1.1865e+08, AnchorPrice: 1490, CefiPrice: 79605.4
2025/04/08 15:10:55 Premium: 0.99938541578169, KimchiPrice: 1.18539e+08, AnchorPrice: 1490, CefiPrice: 79605.3
2025/04/08 15:10:56 Premium: 1.0006216588703074, KimchiPrice: 1.1865e+08, AnchorPrice: 1490, CefiPrice: 79581.4
2025/04/08 15:10:57 Premium: 1.0007511833218525, KimchiPrice: 1.1865e+08, AnchorPrice: 1490, CefiPrice: 79571.1
2025/04/08 15:10:58 Premium: 0.9998275211282399, KimchiPrice: 1.18539e+08, AnchorPrice: 1490, CefiPrice: 79570.1
2025/04/08 15:10:59 Premium: 0.9998275211282399, KimchiPrice: 1.18539e+08, AnchorPrice: 1490, CefiPrice: 79570.1
2025/04/08 15:11:00 Premium: 0.9999029190165686, KimchiPrice: 1.18539e+08, AnchorPrice: 1490, CefiPrice: 79564.1
2025/04/08 15:11:01 Premium: 1.0005034893621672, KimchiPrice: 1.1865e+08, AnchorPrice: 1490.5, CefiPrice: 79564.1
2025/04/08 15:11:02 Premium: 1.0004280461877062, KimchiPrice: 1.1865e+08, AnchorPrice: 1490.5, CefiPrice: 79570.1
2025/04/08 15:11:03 Premium: 1.0004208717124587, KimchiPrice: 1.18649e+08, AnchorPrice: 1490.5, CefiPrice: 79570
2025/04/08 15:11:04 Premium: 1.0004208717124587, KimchiPrice: 1.18649e+08, AnchorPrice: 1490.5, CefiPrice: 79570
2025/04/08 15:11:05 Premium: 1.0003517258724148, KimchiPrice: 1.18649e+08, AnchorPrice: 1490.5, CefiPrice: 79575.5
2025/04/08 15:11:06 Premium: 1.0004208717124587, KimchiPrice: 1.18649e+08, AnchorPrice: 1490.5, CefiPrice: 79570
2025/04/08 15:11:07 Premium: 1.0007301722875463, KimchiPrice: 1.18649e+08, AnchorPrice: 1490, CefiPrice: 79572.1
2025/04/08 15:11:08 Premium: 0.9998045430194031, KimchiPrice: 1.1854e+08, AnchorPrice: 1490, CefiPrice: 79572.6
2025/04/08 15:11:09 Premium: 1.0003784947143968, KimchiPrice: 1.18648e+08, AnchorPrice: 1490.5, CefiPrice: 79572.7
2025/04/08 15:11:10 Premium: 0.9998045430194031, KimchiPrice: 1.1854e+08, AnchorPrice: 1490, CefiPrice: 79572.6
2025/04/08 15:11:11 Premium: 0.9998032865526213, KimchiPrice: 1.1854e+08, AnchorPrice: 1490, CefiPrice: 79572.7
2025/04/08 15:11:12 Premium: 0.9997392109340265, KimchiPrice: 1.1854e+08, AnchorPrice: 1490, CefiPrice: 79577.8
2025/04/08 15:11:13 Premium: 1.0003143822317315, KimchiPrice: 1.18648e+08, AnchorPrice: 1490.5, CefiPrice: 79577.8
2025/04/08 15:11:14 Premium: 1.000169845021382, KimchiPrice: 1.18648e+08, AnchorPrice: 1490.5, CefiPrice: 79589.3
2025/04/08 15:11:15 Premium: 1.000085655640488, KimchiPrice: 1.18648e+08, AnchorPrice: 1490.5, CefiPrice: 79596
2025/04/08 15:11:16 Premium: 1.0001962356554859, KimchiPrice: 1.18648e+08, AnchorPrice: 1490.5, CefiPrice: 79587.2
2025/04/08 15:11:17 Premium: 1.0001962356554859, KimchiPrice: 1.18648e+08, AnchorPrice: 1490.5, CefiPrice: 79587.2
2025/04/08 15:11:18 Premium: 1.0001949789270435, KimchiPrice: 1.18648e+08, AnchorPrice: 1490.5, CefiPrice: 79587.3
2025/04/08 15:11:19 Premium: 1.0001949789270435, KimchiPrice: 1.18648e+08, AnchorPrice: 1490.5, CefiPrice: 79587.3
2025/04/08 15:11:20 Premium: 1.0001949789270435, KimchiPrice: 1.18648e+08, AnchorPrice: 1490.5, CefiPrice: 79587.3
2025/04/08 15:11:21 Premium: 1.0002729020629304, KimchiPrice: 1.18648e+08, AnchorPrice: 1490.5, CefiPrice: 79581.1
2025/04/08 15:11:22 Premium: 0.9999173615259261, KimchiPrice: 1.18648e+08, AnchorPrice: 1491, CefiPrice: 79582.7
2025/04/08 15:11:23 Premium: 0.9999374651407095, KimchiPrice: 1.18648e+08, AnchorPrice: 1491, CefiPrice: 79581.1
2025/04/08 15:11:24 Premium: 1.000274158987199, KimchiPrice: 1.18648e+08, AnchorPrice: 1490.5, CefiPrice: 79581
2025/04/08 15:11:25 Premium: 0.9994034802836583, KimchiPrice: 1.18541e+08, AnchorPrice: 1490.5, CefiPrice: 79578.5
2025/04/08 15:11:26 Premium: 0.9990733567435636, KimchiPrice: 1.18541e+08, AnchorPrice: 1491, CefiPrice: 79578.1
2025/04/08 15:11:27 Premium: 0.9999764181948443, KimchiPrice: 1.18648e+08, AnchorPrice: 1491, CefiPrice: 79578
2025/04/08 15:11:28 Premium: 1.0003106111651356, KimchiPrice: 1.18648e+08, AnchorPrice: 1490.5, CefiPrice: 79578.1
2025/04/08 15:11:29 Premium: 1.0004941693912446, KimchiPrice: 1.18648e+08, AnchorPrice: 1490.5, CefiPrice: 79563.5
2025/04/08 15:11:30 Premium: 1.0004489022015415, KimchiPrice: 1.18648e+08, AnchorPrice: 1490.5, CefiPrice: 79567.1
2025/04/08 15:11:31 Premium: 1.0001423167922163, KimchiPrice: 1.18648e+08, AnchorPrice: 1491, CefiPrice: 79564.8
2025/04/08 15:11:32 Premium: 0.9994427009778908, KimchiPrice: 1.18558e+08, AnchorPrice: 1491, CefiPrice: 79560.1
2025/04/08 15:11:33 Premium: 0.9995695943943569, KimchiPrice: 1.18558e+08, AnchorPrice: 1491, CefiPrice: 79550
2025/04/08 15:11:34 Premium: 0.9995695943943569, KimchiPrice: 1.18558e+08, AnchorPrice: 1491, CefiPrice: 79550
2025/04/08 15:11:35 Premium: 0.9995708509259107, KimchiPrice: 1.18558e+08, AnchorPrice: 1491, CefiPrice: 79549.9
2025/04/08 15:11:36 Premium: 1.0004394740101632, KimchiPrice: 1.1863e+08, AnchorPrice: 1491, CefiPrice: 79529.1
2025/04/08 15:11:37 Premium: 1.0004394740101632, KimchiPrice: 1.1863e+08, AnchorPrice: 1491, CefiPrice: 79529.1
2025/04/08 15:11:38 Premium: 1.0004241155644265, KimchiPrice: 1.1863e+08, AnchorPrice: 1490.5, CefiPrice: 79557
2025/04/08 15:11:39 Premium: 1.0003939366304808, KimchiPrice: 1.1863e+08, AnchorPrice: 1490.5, CefiPrice: 79559.4
2025/04/08 15:11:40 Premium: 1.0001197532011035, KimchiPrice: 1.18558e+08, AnchorPrice: 1490, CefiPrice: 79559.6
2025/04/08 15:11:41 Premium: 1.0001197532011035, KimchiPrice: 1.18558e+08, AnchorPrice: 1490, CefiPrice: 79559.6
2025/04/08 15:11:42 Premium: 1.0001197532011035, KimchiPrice: 1.18558e+08, AnchorPrice: 1490, CefiPrice: 79559.6
2025/04/08 15:11:43 Premium: 1.0001197532011035, KimchiPrice: 1.18558e+08, AnchorPrice: 1490, CefiPrice: 79559.6
2025/04/08 15:11:44 Premium: 1.0001197532011035, KimchiPrice: 1.18558e+08, AnchorPrice: 1490, CefiPrice: 79559.6
2025/04/08 15:11:45 Premium: 1.0001197532011035, KimchiPrice: 1.18558e+08, AnchorPrice: 1490, CefiPrice: 79559.6
2025/04/08 15:11:46 Premium: 1.0001184961328227, KimchiPrice: 1.18558e+08, AnchorPrice: 1490, CefiPrice: 79559.7
2025/04/08 15:11:47 Premium: 1.0001184961328227, KimchiPrice: 1.18558e+08, AnchorPrice: 1490, CefiPrice: 79559.7
2025/04/08 15:11:48 Premium: 1.0001197532011035, KimchiPrice: 1.18558e+08, AnchorPrice: 1490, CefiPrice: 79559.6
2025/04/08 15:11:49 Premium: 1.0001197532011035, KimchiPrice: 1.18558e+08, AnchorPrice: 1490, CefiPrice: 79559.6
2025/04/08 15:11:50 Premium: 1.0001184961328227, KimchiPrice: 1.18558e+08, AnchorPrice: 1490, CefiPrice: 79559.7
2025/04/08 15:11:51 Premium: 0.9999853592791152, KimchiPrice: 1.18558e+08, AnchorPrice: 1490.5, CefiPrice: 79543.6
2025/04/08 15:11:52 Premium: 1.000266852007137, KimchiPrice: 1.18558e+08, AnchorPrice: 1490, CefiPrice: 79547.9
2025/04/08 15:11:53 Premium: 1.0002178142641465, KimchiPrice: 1.18558e+08, AnchorPrice: 1490, CefiPrice: 79551.8
2025/04/08 15:11:54 Premium: 1.000909609510099, KimchiPrice: 1.1864e+08, AnchorPrice: 1490, CefiPrice: 79551.8
2025/04/08 15:11:55 Premium: 1.0008366400422524, KimchiPrice: 1.1864e+08, AnchorPrice: 1490, CefiPrice: 79557.6
2025/04/08 15:11:56 Premium: 1.0001448952303553, KimchiPrice: 1.18558e+08, AnchorPrice: 1490, CefiPrice: 79557.6
2025/04/08 15:11:57 Premium: 1.0001436380988706, KimchiPrice: 1.18558e+08, AnchorPrice: 1490, CefiPrice: 79557.7
2025/04/08 15:11:58 Premium: 0.9997465571054017, KimchiPrice: 1.18558e+08, AnchorPrice: 1490.5, CefiPrice: 79562.6
2025/04/08 15:11:59 Premium: 0.9999203221838208, KimchiPrice: 1.18543e+08, AnchorPrice: 1490, CefiPrice: 79565.4
2025/04/08 15:12:00 Premium: 1.0000372115109282, KimchiPrice: 1.18543e+08, AnchorPrice: 1490, CefiPrice: 79556.1
2025/04/08 15:12:01 Premium: 1.001058097483348, KimchiPrice: 1.1864e+08, AnchorPrice: 1490, CefiPrice: 79540
